0:0:0:0:0:0:0:1 - - [17/Feb/2025:16:36:19 +0500] "GET /swagger-ui/index.css HTTP/1.1" 304 -
0:0:0:0:0:0:0:1 - - [17/Feb/2025:16:36:19 +0500] "GET /swagger-ui/swagger-ui-bundle.js HTTP/1.1" 200 1046295
0:0:0:0:0:0:0:1 - - [17/Feb/2025:16:36:19 +0500] "GET /swagger-ui/swagger-initializer.js HTTP/1.1" 200 645
0:0:0:0:0:0:0:1 - - [17/Feb/2025:16:36:20 +0500] "GET /v3/api-docs/swagger-config HTTP/1.1" 200 197
0:0:0:0:0:0:0:1 - - [17/Feb/2025:16:36:20 +0500] "GET /v3/api-docs HTTP/1.1" 401 230
0:0:0:0:0:0:0:1 - - [17/Feb/2025:16:37:05 +0500] "GET /swagger-ui/index.html HTTP/1.1" 304 -
0:0:0:0:0:0:0:1 - - [17/Feb/2025:16:37:05 +0500] "GET /swagger-ui/swagger-initializer.js HTTP/1.1" 200 645
0:0:0:0:0:0:0:1 - - [17/Feb/2025:16:37:05 +0500] "GET /v3/api-docs/swagger-config HTTP/1.1" 200 197
0:0:0:0:0:0:0:1 - - [17/Feb/2025:16:37:05 +0500] "GET /swagger-ui/favicon-32x32.png HTTP/1.1" 304 -
0:0:0:0:0:0:0:1 - - [17/Feb/2025:16:37:05 +0500] "GET /v3/api-docs HTTP/1.1" 401 229
0:0:0:0:0:0:0:1 - - [17/Feb/2025:16:37:06 +0500] "GET /swagger-ui/index.html HTTP/1.1" 304 -
0:0:0:0:0:0:0:1 - - [17/Feb/2025:16:37:06 +0500] "GET /swagger-ui/swagger-initializer.js HTTP/1.1" 200 645
0:0:0:0:0:0:0:1 - - [17/Feb/2025:16:37:06 +0500] "GET /v3/api-docs/swagger-config HTTP/1.1" 200 197
0:0:0:0:0:0:0:1 - - [17/Feb/2025:16:37:06 +0500] "GET /v3/api-docs HTTP/1.1" 401 230
0:0:0:0:0:0:0:1 - - [17/Feb/2025:16:40:43 +0500] "GET / HTTP/1.1" 401 230
0:0:0:0:0:0:0:1 - - [17/Feb/2025:16:40:45 +0500] "GET /favicon.ico HTTP/1.1" 401 229
0:0:0:0:0:0:0:1 - - [17/Feb/2025:16:40:50 +0500] "GET /swagger-ui/swagger-initializer.js HTTP/1.1" 200 645
0:0:0:0:0:0:0:1 - - [17/Feb/2025:16:40:50 +0500] "GET /v3/api-docs/swagger-config HTTP/1.1" 200 197
0:0:0:0:0:0:0:1 - - [17/Feb/2025:16:40:50 +0500] "GET /v3/api-docs HTTP/1.1" 200 6364
0:0:0:0:0:0:0:1 - - [17/Feb/2025:16:42:44 +0500] "GET /swagger-ui/index.html HTTP/1.1" 200 734
0:0:0:0:0:0:0:1 - - [17/Feb/2025:16:42:44 +0500] "GET /swagger-ui/swagger-initializer.js HTTP/1.1" 200 645
0:0:0:0:0:0:0:1 - - [17/Feb/2025:16:42:44 +0500] "GET /v3/api-docs/swagger-config HTTP/1.1" 200 197
0:0:0:0:0:0:0:1 - - [17/Feb/2025:16:42:45 +0500] "GET /v3/api-docs HTTP/1.1" 200 6341
0:0:0:0:0:0:0:1 - - [17/Feb/2025:16:44:03 +0500] "GET /v3/api-docs HTTP/1.1" 200 6341
0:0:0:0:0:0:0:1 - - [17/Feb/2025:16:44:03 +0500] "GET /favicon.ico HTTP/1.1" 401 230
0:0:0:0:0:0:0:1 - - [17/Feb/2025:16:44:27 +0500] "GET /swagger-ui.html HTTP/1.1" 302 -
0:0:0:0:0:0:0:1 - - [17/Feb/2025:16:44:27 +0500] "GET /swagger-ui/index.html HTTP/1.1" 304 -
0:0:0:0:0:0:0:1 - - [17/Feb/2025:16:44:27 +0500] "GET /swagger-ui/swagger-initializer.js HTTP/1.1" 200 645
0:0:0:0:0:0:0:1 - - [17/Feb/2025:16:44:27 +0500] "GET /v3/api-docs/swagger-config HTTP/1.1" 200 197
0:0:0:0:0:0:0:1 - - [17/Feb/2025:16:44:27 +0500] "GET /v3/api-docs HTTP/1.1" 200 6341
0:0:0:0:0:0:0:1 - - [17/Feb/2025:16:44:30 +0500] "GET /swagger-ui.html HTTP/1.1" 302 -
0:0:0:0:0:0:0:1 - - [17/Feb/2025:16:44:30 +0500] "GET /swagger-ui/swagger-initializer.js HTTP/1.1" 200 645
0:0:0:0:0:0:0:1 - - [17/Feb/2025:16:44:30 +0500] "GET /v3/api-docs/swagger-config HTTP/1.1" 200 197
0:0:0:0:0:0:0:1 - - [17/Feb/2025:16:44:30 +0500] "GET /v3/api-docs HTTP/1.1" 200 6341
0:0:0:0:0:0:0:1 - - [17/Feb/2025:16:46:12 +0500] "GET /v3/api-docs HTTP/1.1" 200 6366
0:0:0:0:0:0:0:1 - - [17/Feb/2025:16:46:12 +0500] "GET /favicon.ico HTTP/1.1" 401 230
0:0:0:0:0:0:0:1 - - [17/Feb/2025:16:46:14 +0500] "GET /swagger-ui/index.html HTTP/1.1" 304 -
0:0:0:0:0:0:0:1 - - [17/Feb/2025:16:46:14 +0500] "GET /swagger-ui/swagger-initializer.js HTTP/1.1" 200 645
0:0:0:0:0:0:0:1 - - [17/Feb/2025:16:46:14 +0500] "GET /v3/api-docs/swagger-config HTTP/1.1" 200 197
0:0:0:0:0:0:0:1 - - [17/Feb/2025:16:46:14 +0500] "GET /v3/api-docs HTTP/1.1" 200 6366
0:0:0:0:0:0:0:1 - - [17/Feb/2025:16:48:03 +0500] "GET /swagger-ui/index.html HTTP/1.1" 304 -
0:0:0:0:0:0:0:1 - - [17/Feb/2025:16:48:03 +0500] "GET /swagger-ui/swagger-initializer.js HTTP/1.1" 200 645
0:0:0:0:0:0:0:1 - - [17/Feb/2025:16:48:03 +0500] "GET /v3/api-docs/swagger-config HTTP/1.1" 200 197
0:0:0:0:0:0:0:1 - - [17/Feb/2025:16:48:03 +0500] "GET /v3/api-docs HTTP/1.1" 200 6366
0:0:0:0:0:0:0:1 - - [17/Feb/2025:16:48:04 +0500] "GET /swagger-ui/index.html HTTP/1.1" 304 -
0:0:0:0:0:0:0:1 - - [17/Feb/2025:16:48:04 +0500] "GET /swagger-ui/swagger-initializer.js HTTP/1.1" 200 645
0:0:0:0:0:0:0:1 - - [17/Feb/2025:16:48:04 +0500] "GET /v3/api-docs/swagger-config HTTP/1.1" 200 197
0:0:0:0:0:0:0:1 - - [17/Feb/2025:16:48:04 +0500] "GET /v3/api-docs HTTP/1.1" 200 6366
0:0:0:0:0:0:0:1 - - [17/Feb/2025:16:49:03 +0500] "GET /swagger-ui/index.html HTTP/1.1" 304 -
0:0:0:0:0:0:0:1 - - [17/Feb/2025:16:49:03 +0500] "GET /swagger-ui/swagger-initializer.js HTTP/1.1" 200 645
0:0:0:0:0:0:0:1 - - [17/Feb/2025:16:49:04 +0500] "GET /v3/api-docs/swagger-config HTTP/1.1" 200 197
0:0:0:0:0:0:0:1 - - [17/Feb/2025:16:49:04 +0500] "GET /v3/api-docs HTTP/1.1" 200 6366
0:0:0:0:0:0:0:1 - - [17/Feb/2025:16:51:32 +0500] "GET /v3/api-docs HTTP/1.1" 200 6366
0:0:0:0:0:0:0:1 - - [17/Feb/2025:16:51:32 +0500] "GET /favicon.ico HTTP/1.1" 401 230
0:0:0:0:0:0:0:1 - - [17/Feb/2025:16:51:34 +0500] "GET /swagger-ui/index.html HTTP/1.1" 200 734
0:0:0:0:0:0:0:1 - - [17/Feb/2025:16:51:34 +0500] "GET /swagger-ui/swagger-initializer.js HTTP/1.1" 200 645
0:0:0:0:0:0:0:1 - - [17/Feb/2025:16:51:34 +0500] "GET /v3/api-docs/swagger-config HTTP/1.1" 200 197
0:0:0:0:0:0:0:1 - - [17/Feb/2025:16:51:34 +0500] "GET /v3/api-docs HTTP/1.1" 200 6366
0:0:0:0:0:0:0:1 - - [17/Feb/2025:16:52:02 +0500] "GET /swagger-ui/index.html HTTP/1.1" 304 -
0:0:0:0:0:0:0:1 - - [17/Feb/2025:16:52:02 +0500] "GET /swagger-ui/swagger-initializer.js HTTP/1.1" 200 645
0:0:0:0:0:0:0:1 - - [17/Feb/2025:16:52:02 +0500] "GET /v3/api-docs/swagger-config HTTP/1.1" 200 197
0:0:0:0:0:0:0:1 - - [17/Feb/2025:16:52:03 +0500] "GET /v3/api-docs HTTP/1.1" 200 6366
0:0:0:0:0:0:0:1 - - [17/Feb/2025:16:52:03 +0500] "GET /swagger-ui/index.html HTTP/1.1" 304 -
0:0:0:0:0:0:0:1 - - [17/Feb/2025:16:52:03 +0500] "GET /swagger-ui/swagger-initializer.js HTTP/1.1" 200 645
0:0:0:0:0:0:0:1 - - [17/Feb/2025:16:52:03 +0500] "GET /v3/api-docs/swagger-config HTTP/1.1" 200 197
0:0:0:0:0:0:0:1 - - [17/Feb/2025:16:52:03 +0500] "GET /v3/api-docs HTTP/1.1" 200 6366
0:0:0:0:0:0:0:1 - - [17/Feb/2025:16:52:22 +0500] "GET /swagger-ui/index.html HTTP/1.1" 200 734
0:0:0:0:0:0:0:1 - - [17/Feb/2025:16:52:22 +0500] "GET /swagger-ui/swagger-initializer.js HTTP/1.1" 200 645
0:0:0:0:0:0:0:1 - - [17/Feb/2025:16:52:22 +0500] "GET /v3/api-docs/swagger-config HTTP/1.1" 200 197
0:0:0:0:0:0:0:1 - - [17/Feb/2025:16:52:23 +0500] "GET /v3/api-docs HTTP/1.1" 200 6366
0:0:0:0:0:0:0:1 - - [17/Feb/2025:16:52:36 +0500] "POST /api/authenticate HTTP/1.1" 200 222
0:0:0:0:0:0:0:1 - - [17/Feb/2025:16:52:58 +0500] "POST /api/transaction/create HTTP/1.1" 200 87
0:0:0:0:0:0:0:1 - - [17/Feb/2025:16:53:03 +0500] "POST /api/transaction/create HTTP/1.1" 200 87
0:0:0:0:0:0:0:1 - - [17/Feb/2025:16:53:08 +0500] "POST /api/transaction/create HTTP/1.1" 200 89
0:0:0:0:0:0:0:1 - - [17/Feb/2025:16:53:57 +0500] "GET /api/transaction/list?start=0&limit=50 HTTP/1.1" 200 178
0:0:0:0:0:0:0:1 - - [17/Feb/2025:17:00:09 +0500] "GET /api/transaction/list?start=0&limit=50 HTTP/1.1" 200 178
0:0:0:0:0:0:0:1 - - [17/Feb/2025:17:00:12 +0500] "GET /swagger-ui/index.html HTTP/1.1" 304 -
0:0:0:0:0:0:0:1 - - [17/Feb/2025:17:00:12 +0500] "GET /swagger-ui/swagger-initializer.js HTTP/1.1" 200 645
0:0:0:0:0:0:0:1 - - [17/Feb/2025:17:00:12 +0500] "GET /v3/api-docs/swagger-config HTTP/1.1" 200 197
0:0:0:0:0:0:0:1 - - [17/Feb/2025:17:00:12 +0500] "GET /v3/api-docs HTTP/1.1" 200 6340
0:0:0:0:0:0:0:1 - - [17/Feb/2025:17:00:19 +0500] "GET /api/transaction/list?searchKey=string&start=0&limit=0 HTTP/1.1" 401 229
